<?xml version="1.0" encoding="UTF-8"?>
<!-- Generated by org.testng.reporters.JUnitReportReporter -->
<testsuite hostname="LAPTOP-KT0DL86G" failures="0" tests="2" name="LearningMaven.MavenProj.SeleniumTest" time="0.009" errors="0" timestamp="2022-04-07T12:46:03 IST" skipped="0">
  <testcase classname="LearningMaven.MavenProj.SeleniumTest" name="elementsUI" time="0.001"/>
  <system-out/>
  <testcase classname="LearningMaven.MavenProj.SeleniumTest" name="browserTest" time="0.008"/>
  <system-out/>
</testsuite> <!-- LearningMaven.MavenProj.SeleniumTest -->
